<?xml version="1.0" encoding="UTF-8"?>
<!-- Generated by org.testng.reporters.JUnitXMLReporter -->
<testsuite ignored="1" hostname="DESKTOP-AB7H8NQ" failures="0" tests="4" name="Default test" time="0.043" errors="0" timestamp="2023-09-21T08:07:19 IST">
  <testcase classname="testNG.Priority_Invocation_Enabled" name="demo3" time="0.006"/>
  <testcase classname="testNG.Priority_Invocation_Enabled" name="demo1" time="0.001"/>
  <testcase classname="testNG.Priority_Invocation_Enabled" name="demo1" time="0.001"/>
  <testcase classname="testNG.Priority_Invocation_Enabled" name="demo1" time="0.001"/>
  <testcase classname="testNG.Priority_Invocation_Enabled" name="demo2" time="0.0">
    <ignored/>
  </testcase> <!-- demo2 -->
</testsuite> <!-- Default test -->
