<?xml version="1.0" encoding="UTF-8"?>
<testng-results ignored="0" total="1" passed="1" failed="0" skipped="0">
  <reporter-output>
  </reporter-output>
  <suite started-at="2023-09-23T07:24:54 IST" name="Failed suite [Suite]" finished-at="2023-09-23T07:24:59 IST" duration-ms="5886">
    <groups>
    </groups>
    <test started-at="2023-09-23T07:24:54 IST" name="Test(failed)" finished-at="2023-09-23T07:24:59 IST" duration-ms="5886">
      <class name="testNGFail.Facebook">
        <test-method signature="openFacebook()[pri:0, instance:testNGFail.Facebook@932bc4a]" started-at="2023-09-23T07:24:54 IST" name="openFacebook" finished-at="2023-09-23T07:24:59 IST" duration-ms="5843" status="PASS">
          <reporter-output>
          </reporter-output>
        </test-method> <!-- openFacebook -->
      </class> <!-- testNGFail.Facebook -->
    </test> <!-- Test(failed) -->
  </suite> <!-- Failed suite [Suite] -->
</testng-results>
